{"/mnt/9a98a8c9-dbe4-4368-8316-aa10bd30c8d0/Projects/retro-game-launcher/js/GameService.js": {"path":"/mnt/9a98a8c9-dbe4-4368-8316-aa10bd30c8d0/Projects/retro-game-launcher/js/GameService.js","statementMap":{"0":{"start":{"line":2,"column":25},"end":{"line":2,"column":54}},"1":{"start":{"line":4,"column":0},"end":{"line":153,"column":1}},"2":{"start":{"line":8,"column":8},"end":{"line":8,"column":199}},"3":{"start":{"line":9,"column":8},"end":{"line":9,"column":59}},"4":{"start":{"line":14,"column":8},"end":{"line":14,"column":27}},"5":{"start":{"line":25,"column":8},"end":{"line":138,"column":9}},"6":{"start":{"line":26,"column":34},"end":{"line":26,"column":88}},"7":{"start":{"line":28,"column":12},"end":{"line":31,"column":13}},"8":{"start":{"line":29,"column":16},"end":{"line":29,"column":201}},"9":{"start":{"line":30,"column":16},"end":{"line":30,"column":28}},"10":{"start":{"line":34,"column":29},"end":{"line":34,"column":134}},"11":{"start":{"line":36,"column":12},"end":{"line":39,"column":13}},"12":{"start":{"line":37,"column":16},"end":{"line":37,"column":212}},"13":{"start":{"line":38,"column":16},"end":{"line":38,"column":28}},"14":{"start":{"line":41,"column":27},"end":{"line":41,"column":38}},"15":{"start":{"line":44,"column":33},"end":{"line":44,"column":70}},"16":{"start":{"line":46,"column":12},"end":{"line":54,"column":13}},"17":{"start":{"line":47,"column":40},"end":{"line":47,"column":107}},"18":{"start":{"line":48,"column":16},"end":{"line":48,"column":89}},"19":{"start":{"line":49,"column":16},"end":{"line":53,"column":18}},"20":{"start":{"line":56,"column":32},"end":{"line":56,"column":61}},"21":{"start":{"line":59,"column":26},"end":{"line":59,"column":28}},"22":{"start":{"line":60,"column":12},"end":{"line":69,"column":13}},"23":{"start":{"line":61,"column":16},"end":{"line":68,"column":19}},"24":{"start":{"line":63,"column":20},"end":{"line":63,"column":75}},"25":{"start":{"line":63,"column":54},"end":{"line":63,"column":75}},"26":{"start":{"line":64,"column":20},"end":{"line":64,"column":75}},"27":{"start":{"line":64,"column":50},"end":{"line":64,"column":75}},"28":{"start":{"line":65,"column":20},"end":{"line":65,"column":75}},"29":{"start":{"line":65,"column":54},"end":{"line":65,"column":75}},"30":{"start":{"line":66,"column":20},"end":{"line":66,"column":73}},"31":{"start":{"line":66,"column":53},"end":{"line":66,"column":73}},"32":{"start":{"line":72,"column":24},"end":{"line":72,"column":39}},"33":{"start":{"line":73,"column":12},"end":{"line":76,"column":13}},"34":{"start":{"line":74,"column":31},"end":{"line":74,"column":97}},"35":{"start":{"line":74,"column":58},"end":{"line":74,"column":96}},"36":{"start":{"line":75,"column":16},"end":{"line":75,"column":72}},"37":{"start":{"line":79,"column":30},"end":{"line":79,"column":32}},"38":{"start":{"line":80,"column":12},"end":{"line":83,"column":13}},"39":{"start":{"line":81,"column":35},"end":{"line":81,"column":84}},"40":{"start":{"line":81,"column":66},"end":{"line":81,"column":83}},"41":{"start":{"line":82,"column":16},"end":{"line":82,"column":90}},"42":{"start":{"line":86,"column":24},"end":{"line":86,"column":26}},"43":{"start":{"line":87,"column":12},"end":{"line":93,"column":13}},"44":{"start":{"line":88,"column":37},"end":{"line":88,"column":58}},"45":{"start":{"line":89,"column":16},"end":{"line":92,"column":17}},"46":{"start":{"line":90,"column":36},"end":{"line":90,"column":82}},"47":{"start":{"line":90,"column":64},"end":{"line":90,"column":81}},"48":{"start":{"line":91,"column":20},"end":{"line":91,"column":79}},"49":{"start":{"line":96,"column":30},"end":{"line":96,"column":32}},"50":{"start":{"line":97,"column":12},"end":{"line":99,"column":13}},"51":{"start":{"line":98,"column":16},"end":{"line":98,"column":56}},"52":{"start":{"line":102,"column":28},"end":{"line":102,"column":30}},"53":{"start":{"line":103,"column":12},"end":{"line":105,"column":13}},"54":{"start":{"line":104,"column":16},"end":{"line":104,"column":57}},"55":{"start":{"line":108,"column":28},"end":{"line":108,"column":30}},"56":{"start":{"line":109,"column":12},"end":{"line":111,"column":13}},"57":{"start":{"line":110,"column":16},"end":{"line":110,"column":53}},"58":{"start":{"line":114,"column":26},"end":{"line":114,"column":28}},"59":{"start":{"line":115,"column":12},"end":{"line":117,"column":13}},"60":{"start":{"line":116,"column":16},"end":{"line":116,"column":51}},"61":{"start":{"line":119,"column":12},"end":{"line":133,"column":14}},"62":{"start":{"line":136,"column":12},"end":{"line":136,"column":80}},"63":{"start":{"line":137,"column":12},"end":{"line":137,"column":24}},"64":{"start":{"line":149,"column":8},"end":{"line":149,"column":64}}},"fnMap":{"0":{"name":"(anonymous_0)","decl":{"start":{"line":7,"column":4},"end":{"line":7,"column":5}},"loc":{"start":{"line":7,"column":32},"end":{"line":10,"column":5}},"line":7},"1":{"name":"(anonymous_1)","decl":{"start":{"line":13,"column":4},"end":{"line":13,"column":5}},"loc":{"start":{"line":13,"column":16},"end":{"line":15,"column":5}},"line":13},"2":{"name":"(anonymous_2)","decl":{"start":{"line":24,"column":4},"end":{"line":24,"column":5}},"loc":{"start":{"line":24,"column":46},"end":{"line":139,"column":5}},"line":24},"3":{"name":"(anonymous_3)","decl":{"start":{"line":61,"column":43},"end":{"line":61,"column":44}},"loc":{"start":{"line":61,"column":48},"end":{"line":68,"column":17}},"line":61},"4":{"name":"(anonymous_4)","decl":{"start":{"line":74,"column":53},"end":{"line":74,"column":54}},"loc":{"start":{"line":74,"column":58},"end":{"line":74,"column":96}},"line":74},"5":{"name":"(anonymous_5)","decl":{"start":{"line":81,"column":61},"end":{"line":81,"column":62}},"loc":{"start":{"line":81,"column":66},"end":{"line":81,"column":83}},"line":81},"6":{"name":"(anonymous_6)","decl":{"start":{"line":90,"column":59},"end":{"line":90,"column":60}},"loc":{"start":{"line":90,"column":64},"end":{"line":90,"column":81}},"line":90},"7":{"name":"(anonymous_7)","decl":{"start":{"line":148,"column":4},"end":{"line":148,"column":5}},"loc":{"start":{"line":148,"column":47},"end":{"line":150,"column":5}},"line":148}},"branchMap":{"0":{"loc":{"start":{"line":8,"column":59},"end":{"line":8,"column":195}},"type":"cond-expr","locations":[{"start":{"line":8,"column":111},"end":{"line":8,"column":148}},{"start":{"line":8,"column":151},"end":{"line":8,"column":195}}],"line":8},"1":{"loc":{"start":{"line":8,"column":59},"end":{"line":8,"column":108}},"type":"binary-expr","locations":[{"start":{"line":8,"column":59},"end":{"line":8,"column":88}},{"start":{"line":8,"column":92},"end":{"line":8,"column":108}}],"line":8},"2":{"loc":{"start":{"line":28,"column":12},"end":{"line":31,"column":13}},"type":"if","locations":[{"start":{"line":28,"column":12},"end":{"line":31,"column":13}},{"start":{},"end":{}}],"line":28},"3":{"loc":{"start":{"line":28,"column":16},"end":{"line":28,"column":89}},"type":"binary-expr","locations":[{"start":{"line":28,"column":16},"end":{"line":28,"column":30}},{"start":{"line":28,"column":34},"end":{"line":28,"column":57}},{"start":{"line":28,"column":61},"end":{"line":28,"column":89}}],"line":28},"4":{"loc":{"start":{"line":29,"column":51},"end":{"line":29,"column":195}},"type":"cond-expr","locations":[{"start":{"line":29,"column":103},"end":{"line":29,"column":144}},{"start":{"line":29,"column":147},"end":{"line":29,"column":195}}],"line":29},"5":{"loc":{"start":{"line":29,"column":51},"end":{"line":29,"column":100}},"type":"binary-expr","locations":[{"start":{"line":29,"column":51},"end":{"line":29,"column":80}},{"start":{"line":29,"column":84},"end":{"line":29,"column":100}}],"line":29},"6":{"loc":{"start":{"line":34,"column":29},"end":{"line":34,"column":134}},"type":"cond-expr","locations":[{"start":{"line":34,"column":74},"end":{"line":34,"column":104}},{"start":{"line":34,"column":107},"end":{"line":34,"column":134}}],"line":34},"7":{"loc":{"start":{"line":36,"column":12},"end":{"line":39,"column":13}},"type":"if","locations":[{"start":{"line":36,"column":12},"end":{"line":39,"column":13}},{"start":{},"end":{}}],"line":36},"8":{"loc":{"start":{"line":36,"column":16},"end":{"line":36,"column":41}},"type":"binary-expr","locations":[{"start":{"line":36,"column":16},"end":{"line":36,"column":25}},{"start":{"line":36,"column":29},"end":{"line":36,"column":41}}],"line":36},"9":{"loc":{"start":{"line":37,"column":62},"end":{"line":37,"column":206}},"type":"cond-expr","locations":[{"start":{"line":37,"column":114},"end":{"line":37,"column":155}},{"start":{"line":37,"column":158},"end":{"line":37,"column":206}}],"line":37},"10":{"loc":{"start":{"line":37,"column":62},"end":{"line":37,"column":111}},"type":"binary-expr","locations":[{"start":{"line":37,"column":62},"end":{"line":37,"column":91}},{"start":{"line":37,"column":95},"end":{"line":37,"column":111}}],"line":37},"11":{"loc":{"start":{"line":46,"column":12},"end":{"line":54,"column":13}},"type":"if","locations":[{"start":{"line":46,"column":12},"end":{"line":54,"column":13}},{"start":{},"end":{}}],"line":46},"12":{"loc":{"start":{"line":46,"column":16},"end":{"line":46,"column":86}},"type":"binary-expr","locations":[{"start":{"line":46,"column":16},"end":{"line":46,"column":29}},{"start":{"line":46,"column":33},"end":{"line":46,"column":55}},{"start":{"line":46,"column":59},"end":{"line":46,"column":86}}],"line":46},"13":{"loc":{"start":{"line":47,"column":40},"end":{"line":47,"column":107}},"type":"cond-expr","locations":[{"start":{"line":47,"column":59},"end":{"line":47,"column":98}},{"start":{"line":47,"column":101},"end":{"line":47,"column":107}}],"line":47},"14":{"loc":{"start":{"line":60,"column":12},"end":{"line":69,"column":13}},"type":"if","locations":[{"start":{"line":60,"column":12},"end":{"line":69,"column":13}},{"start":{},"end":{}}],"line":60},"15":{"loc":{"start":{"line":60,"column":16},"end":{"line":60,"column":71}},"type":"binary-expr","locations":[{"start":{"line":60,"column":16},"end":{"line":60,"column":34}},{"start":{"line":60,"column":38},"end":{"line":60,"column":71}}],"line":60},"16":{"loc":{"start":{"line":63,"column":20},"end":{"line":63,"column":75}},"type":"if","locations":[{"start":{"line":63,"column":20},"end":{"line":63,"column":75}},{"start":{},"end":{}}],"line":63},"17":{"loc":{"start":{"line":63,"column":24},"end":{"line":63,"column":52}},"type":"binary-expr","locations":[{"start":{"line":63,"column":24},"end":{"line":63,"column":43}},{"start":{"line":63,"column":47},"end":{"line":63,"column":52}}],"line":63},"18":{"loc":{"start":{"line":64,"column":20},"end":{"line":64,"column":75}},"type":"if","locations":[{"start":{"line":64,"column":20},"end":{"line":64,"column":75}},{"start":{},"end":{}}],"line":64},"19":{"loc":{"start":{"line":64,"column":24},"end":{"line":64,"column":48}},"type":"binary-expr","locations":[{"start":{"line":64,"column":24},"end":{"line":64,"column":39}},{"start":{"line":64,"column":43},"end":{"line":64,"column":48}}],"line":64},"20":{"loc":{"start":{"line":65,"column":20},"end":{"line":65,"column":75}},"type":"if","locations":[{"start":{"line":65,"column":20},"end":{"line":65,"column":75}},{"start":{},"end":{}}],"line":65},"21":{"loc":{"start":{"line":65,"column":24},"end":{"line":65,"column":52}},"type":"binary-expr","locations":[{"start":{"line":65,"column":24},"end":{"line":65,"column":43}},{"start":{"line":65,"column":47},"end":{"line":65,"column":52}}],"line":65},"22":{"loc":{"start":{"line":66,"column":20},"end":{"line":66,"column":73}},"type":"if","locations":[{"start":{"line":66,"column":20},"end":{"line":66,"column":73}},{"start":{},"end":{}}],"line":66},"23":{"loc":{"start":{"line":66,"column":24},"end":{"line":66,"column":51}},"type":"binary-expr","locations":[{"start":{"line":66,"column":24},"end":{"line":66,"column":42}},{"start":{"line":66,"column":46},"end":{"line":66,"column":51}}],"line":66},"24":{"loc":{"start":{"line":73,"column":12},"end":{"line":76,"column":13}},"type":"if","locations":[{"start":{"line":73,"column":12},"end":{"line":76,"column":13}},{"start":{},"end":{}}],"line":73},"25":{"loc":{"start":{"line":73,"column":16},"end":{"line":73,"column":67}},"type":"binary-expr","locations":[{"start":{"line":73,"column":16},"end":{"line":73,"column":32}},{"start":{"line":73,"column":36},"end":{"line":73,"column":67}}],"line":73},"26":{"loc":{"start":{"line":74,"column":58},"end":{"line":74,"column":96}},"type":"binary-expr","locations":[{"start":{"line":74,"column":58},"end":{"line":74,"column":75}},{"start":{"line":74,"column":79},"end":{"line":74,"column":96}}],"line":74},"27":{"loc":{"start":{"line":75,"column":24},"end":{"line":75,"column":71}},"type":"cond-expr","locations":[{"start":{"line":75,"column":33},"end":{"line":75,"column":44}},{"start":{"line":75,"column":47},"end":{"line":75,"column":71}}],"line":75},"28":{"loc":{"start":{"line":80,"column":12},"end":{"line":83,"column":13}},"type":"if","locations":[{"start":{"line":80,"column":12},"end":{"line":83,"column":13}},{"start":{},"end":{}}],"line":80},"29":{"loc":{"start":{"line":80,"column":16},"end":{"line":80,"column":75}},"type":"binary-expr","locations":[{"start":{"line":80,"column":16},"end":{"line":80,"column":36}},{"start":{"line":80,"column":40},"end":{"line":80,"column":75}}],"line":80},"30":{"loc":{"start":{"line":82,"column":30},"end":{"line":82,"column":89}},"type":"cond-expr","locations":[{"start":{"line":82,"column":43},"end":{"line":82,"column":58}},{"start":{"line":82,"column":61},"end":{"line":82,"column":89}}],"line":82},"31":{"loc":{"start":{"line":87,"column":12},"end":{"line":93,"column":13}},"type":"if","locations":[{"start":{"line":87,"column":12},"end":{"line":93,"column":13}},{"start":{},"end":{}}],"line":87},"32":{"loc":{"start":{"line":87,"column":16},"end":{"line":87,"column":104}},"type":"binary-expr","locations":[{"start":{"line":87,"column":16},"end":{"line":87,"column":34}},{"start":{"line":87,"column":38},"end":{"line":87,"column":71}},{"start":{"line":87,"column":75},"end":{"line":87,"column":104}}],"line":87},"33":{"loc":{"start":{"line":89,"column":16},"end":{"line":92,"column":17}},"type":"if","locations":[{"start":{"line":89,"column":16},"end":{"line":92,"column":17}},{"start":{},"end":{}}],"line":89},"34":{"loc":{"start":{"line":89,"column":20},"end":{"line":89,"column":73}},"type":"binary-expr","locations":[{"start":{"line":89,"column":20},"end":{"line":89,"column":37}},{"start":{"line":89,"column":41},"end":{"line":89,"column":73}}],"line":89},"35":{"loc":{"start":{"line":91,"column":28},"end":{"line":91,"column":78}},"type":"cond-expr","locations":[{"start":{"line":91,"column":38},"end":{"line":91,"column":50}},{"start":{"line":91,"column":53},"end":{"line":91,"column":78}}],"line":91},"36":{"loc":{"start":{"line":97,"column":12},"end":{"line":99,"column":13}},"type":"if","locations":[{"start":{"line":97,"column":12},"end":{"line":99,"column":13}},{"start":{},"end":{}}],"line":97},"37":{"loc":{"start":{"line":97,"column":16},"end":{"line":97,"column":101}},"type":"binary-expr","locations":[{"start":{"line":97,"column":16},"end":{"line":97,"column":33}},{"start":{"line":97,"column":37},"end":{"line":97,"column":69}},{"start":{"line":97,"column":73},"end":{"line":97,"column":101}}],"line":97},"38":{"loc":{"start":{"line":103,"column":12},"end":{"line":105,"column":13}},"type":"if","locations":[{"start":{"line":103,"column":12},"end":{"line":105,"column":13}},{"start":{},"end":{}}],"line":103},"39":{"loc":{"start":{"line":103,"column":16},"end":{"line":103,"column":71}},"type":"binary-expr","locations":[{"start":{"line":103,"column":16},"end":{"line":103,"column":39}},{"start":{"line":103,"column":43},"end":{"line":103,"column":71}}],"line":103},"40":{"loc":{"start":{"line":109,"column":12},"end":{"line":111,"column":13}},"type":"if","locations":[{"start":{"line":109,"column":12},"end":{"line":111,"column":13}},{"start":{},"end":{}}],"line":109},"41":{"loc":{"start":{"line":109,"column":16},"end":{"line":109,"column":63}},"type":"binary-expr","locations":[{"start":{"line":109,"column":16},"end":{"line":109,"column":35}},{"start":{"line":109,"column":39},"end":{"line":109,"column":63}}],"line":109},"42":{"loc":{"start":{"line":115,"column":12},"end":{"line":117,"column":13}},"type":"if","locations":[{"start":{"line":115,"column":12},"end":{"line":117,"column":13}},{"start":{},"end":{}}],"line":115},"43":{"loc":{"start":{"line":115,"column":16},"end":{"line":115,"column":63}},"type":"binary-expr","locations":[{"start":{"line":115,"column":16},"end":{"line":115,"column":35}},{"start":{"line":115,"column":39},"end":{"line":115,"column":63}}],"line":115}},"s":{"0":1,"1":1,"2":5,"3":5,"4":7,"5":3,"6":3,"7":2,"8":0,"9":0,"10":2,"11":2,"12":1,"13":1,"14":1,"15":1,"16":1,"17":0,"18":0,"19":0,"20":1,"21":1,"22":1,"23":1,"24":2,"25":1,"26":2,"27":1,"28":2,"29":0,"30":2,"31":0,"32":1,"33":1,"34":1,"35":1,"36":1,"37":1,"38":1,"39":1,"40":1,"41":1,"42":1,"43":1,"44":1,"45":1,"46":1,"47":1,"48":1,"49":1,"50":1,"51":1,"52":1,"53":1,"54":1,"55":1,"56":1,"57":1,"58":1,"59":1,"60":1,"61":1,"62":1,"63":1,"64":1},"f":{"0":5,"1":7,"2":3,"3":2,"4":1,"5":1,"6":1,"7":1},"b":{"0":[0,5],"1":[5,5],"2":[0,2],"3":[2,2,2],"4":[0,0],"5":[0,0],"6":[2,0],"7":[1,1],"8":[2,1],"9":[0,1],"10":[1,1],"11":[0,1],"12":[1,1,1],"13":[0,0],"14":[1,0],"15":[1,1],"16":[1,1],"17":[2,1],"18":[1,1],"19":[2,1],"20":[0,2],"21":[2,0],"22":[0,2],"23":[2,0],"24":[1,0],"25":[1,1],"26":[1,1],"27":[1,0],"28":[1,0],"29":[1,1],"30":[1,0],"31":[1,0],"32":[1,1,1],"33":[1,0],"34":[1,1],"35":[1,0],"36":[1,0],"37":[1,1,1],"38":[1,0],"39":[1,1],"40":[1,0],"41":[1,1],"42":[1,0],"43":[1,1]},"_coverageSchema":"1a1c01bbd47fc00a2c39e90264f33305004495a9","hash":"7fddca1c0ea52fa3fe6e7d17d65bce105e051a4a"}
,"/mnt/9a98a8c9-dbe4-4368-8316-aa10bd30c8d0/Projects/retro-game-launcher/js/screenscraperAPI.js": {"path":"/mnt/9a98a8c9-dbe4-4368-8316-aa10bd30c8d0/Projects/retro-game-launcher/js/screenscraperAPI.js","statementMap":{"0":{"start":{"line":7,"column":0},"end":{"line":224,"column":1}},"1":{"start":{"line":8,"column":16},"end":{"line":8,"column":47}},"2":{"start":{"line":13,"column":8},"end":{"line":16,"column":9}},"3":{"start":{"line":14,"column":12},"end":{"line":14,"column":83}},"4":{"start":{"line":15,"column":12},"end":{"line":15,"column":85}},"5":{"start":{"line":17,"column":8},"end":{"line":17,"column":26}},"6":{"start":{"line":18,"column":8},"end":{"line":18,"column":34}},"7":{"start":{"line":22,"column":26},"end":{"line":27,"column":10}},"8":{"start":{"line":29,"column":24},"end":{"line":29,"column":79}},"9":{"start":{"line":31,"column":8},"end":{"line":70,"column":9}},"10":{"start":{"line":32,"column":12},"end":{"line":32,"column":188}},"11":{"start":{"line":33,"column":29},"end":{"line":33,"column":49}},"12":{"start":{"line":36,"column":33},"end":{"line":36,"column":54}},"13":{"start":{"line":39,"column":12},"end":{"line":41,"column":13}},"14":{"start":{"line":40,"column":16},"end":{"line":40,"column":92}},"15":{"start":{"line":44,"column":12},"end":{"line":53,"column":13}},"16":{"start":{"line":45,"column":35},"end":{"line":45,"column":75}},"17":{"start":{"line":46,"column":16},"end":{"line":51,"column":17}},"18":{"start":{"line":47,"column":38},"end":{"line":47,"column":62}},"19":{"start":{"line":48,"column":20},"end":{"line":48,"column":103}},"20":{"start":{"line":50,"column":20},"end":{"line":50,"column":64}},"21":{"start":{"line":52,"column":16},"end":{"line":52,"column":46}},"22":{"start":{"line":56,"column":12},"end":{"line":66,"column":13}},"23":{"start":{"line":57,"column":37},"end":{"line":57,"column":61}},"24":{"start":{"line":58,"column":16},"end":{"line":58,"column":36}},"25":{"start":{"line":61,"column":16},"end":{"line":63,"column":17}},"26":{"start":{"line":62,"column":20},"end":{"line":62,"column":96}},"27":{"start":{"line":65,"column":16},"end":{"line":65,"column":36}},"28":{"start":{"line":68,"column":12},"end":{"line":68,"column":69}},"29":{"start":{"line":69,"column":12},"end":{"line":69,"column":24}},"30":{"start":{"line":74,"column":8},"end":{"line":74,"column":51}},"31":{"start":{"line":78,"column":8},"end":{"line":78,"column":50}},"32":{"start":{"line":82,"column":8},"end":{"line":82,"column":54}},"33":{"start":{"line":86,"column":8},"end":{"line":86,"column":53}},"34":{"start":{"line":90,"column":8},"end":{"line":90,"column":56}},"35":{"start":{"line":94,"column":8},"end":{"line":94,"column":52}},"36":{"start":{"line":98,"column":8},"end":{"line":98,"column":50}},"37":{"start":{"line":102,"column":8},"end":{"line":102,"column":51}},"38":{"start":{"line":106,"column":8},"end":{"line":106,"column":51}},"39":{"start":{"line":110,"column":8},"end":{"line":110,"column":58}},"40":{"start":{"line":114,"column":23},"end":{"line":114,"column":61}},"41":{"start":{"line":115,"column":8},"end":{"line":115,"column":65}},"42":{"start":{"line":119,"column":23},"end":{"line":119,"column":54}},"43":{"start":{"line":120,"column":8},"end":{"line":120,"column":61}},"44":{"start":{"line":124,"column":23},"end":{"line":124,"column":54}},"45":{"start":{"line":125,"column":8},"end":{"line":125,"column":60}},"46":{"start":{"line":129,"column":23},"end":{"line":129,"column":25}},"47":{"start":{"line":130,"column":8},"end":{"line":130,"column":40}},"48":{"start":{"line":130,"column":20},"end":{"line":130,"column":40}},"49":{"start":{"line":131,"column":8},"end":{"line":131,"column":40}},"50":{"start":{"line":131,"column":20},"end":{"line":131,"column":40}},"51":{"start":{"line":132,"column":8},"end":{"line":132,"column":43}},"52":{"start":{"line":132,"column":21},"end":{"line":132,"column":43}},"53":{"start":{"line":133,"column":8},"end":{"line":133,"column":60}},"54":{"start":{"line":137,"column":8},"end":{"line":137,"column":89}},"55":{"start":{"line":141,"column":8},"end":{"line":141,"column":98}},"56":{"start":{"line":145,"column":23},"end":{"line":145,"column":61}},"57":{"start":{"line":146,"column":8},"end":{"line":146,"column":60}},"58":{"start":{"line":150,"column":8},"end":{"line":150,"column":92}},"59":{"start":{"line":154,"column":8},"end":{"line":154,"column":97}},"60":{"start":{"line":158,"column":8},"end":{"line":160,"column":9}},"61":{"start":{"line":159,"column":12},"end":{"line":159,"column":75}},"62":{"start":{"line":161,"column":23},"end":{"line":161,"column":46}},"63":{"start":{"line":162,"column":8},"end":{"line":162,"column":50}},"64":{"start":{"line":162,"column":22},"end":{"line":162,"column":50}},"65":{"start":{"line":163,"column":8},"end":{"line":163,"column":59}},"66":{"start":{"line":167,"column":8},"end":{"line":169,"column":9}},"67":{"start":{"line":168,"column":12},"end":{"line":168,"column":68}},"68":{"start":{"line":170,"column":8},"end":{"line":170,"column":67}},"69":{"start":{"line":174,"column":8},"end":{"line":176,"column":9}},"70":{"start":{"line":175,"column":12},"end":{"line":175,"column":90}},"71":{"start":{"line":177,"column":23},"end":{"line":177,"column":57}},"72":{"start":{"line":178,"column":8},"end":{"line":178,"column":49}},"73":{"start":{"line":178,"column":22},"end":{"line":178,"column":49}},"74":{"start":{"line":179,"column":8},"end":{"line":179,"column":40}},"75":{"start":{"line":179,"column":20},"end":{"line":179,"column":40}},"76":{"start":{"line":180,"column":8},"end":{"line":180,"column":40}},"77":{"start":{"line":180,"column":20},"end":{"line":180,"column":40}},"78":{"start":{"line":181,"column":8},"end":{"line":181,"column":43}},"79":{"start":{"line":181,"column":21},"end":{"line":181,"column":43}},"80":{"start":{"line":182,"column":8},"end":{"line":182,"column":55}},"81":{"start":{"line":186,"column":8},"end":{"line":188,"column":9}},"82":{"start":{"line":187,"column":12},"end":{"line":187,"column":95}},"83":{"start":{"line":189,"column":23},"end":{"line":189,"column":57}},"84":{"start":{"line":190,"column":8},"end":{"line":190,"column":49}},"85":{"start":{"line":190,"column":22},"end":{"line":190,"column":49}},"86":{"start":{"line":191,"column":8},"end":{"line":191,"column":40}},"87":{"start":{"line":191,"column":20},"end":{"line":191,"column":40}},"88":{"start":{"line":192,"column":8},"end":{"line":192,"column":40}},"89":{"start":{"line":192,"column":20},"end":{"line":192,"column":40}},"90":{"start":{"line":193,"column":8},"end":{"line":193,"column":43}},"91":{"start":{"line":193,"column":21},"end":{"line":193,"column":43}},"92":{"start":{"line":194,"column":8},"end":{"line":194,"column":60}},"93":{"start":{"line":198,"column":8},"end":{"line":200,"column":9}},"94":{"start":{"line":199,"column":12},"end":{"line":199,"column":75}},"95":{"start":{"line":201,"column":23},"end":{"line":201,"column":40}},"96":{"start":{"line":202,"column":8},"end":{"line":202,"column":49}},"97":{"start":{"line":202,"column":22},"end":{"line":202,"column":49}},"98":{"start":{"line":203,"column":8},"end":{"line":203,"column":61}},"99":{"start":{"line":207,"column":8},"end":{"line":209,"column":9}},"100":{"start":{"line":208,"column":12},"end":{"line":208,"column":84}},"101":{"start":{"line":210,"column":8},"end":{"line":212,"column":9}},"102":{"start":{"line":211,"column":12},"end":{"line":211,"column":65}},"103":{"start":{"line":213,"column":23},"end":{"line":213,"column":54}},"104":{"start":{"line":214,"column":8},"end":{"line":214,"column":40}},"105":{"start":{"line":214,"column":20},"end":{"line":214,"column":40}},"106":{"start":{"line":215,"column":8},"end":{"line":215,"column":54}},"107":{"start":{"line":219,"column":8},"end":{"line":221,"column":9}},"108":{"start":{"line":220,"column":12},"end":{"line":220,"column":78}},"109":{"start":{"line":222,"column":8},"end":{"line":222,"column":67}}},"fnMap":{"0":{"name":"(anonymous_0)","decl":{"start":{"line":12,"column":4},"end":{"line":12,"column":5}},"loc":{"start":{"line":12,"column":32},"end":{"line":19,"column":5}},"line":12},"1":{"name":"(anonymous_1)","decl":{"start":{"line":73,"column":4},"end":{"line":73,"column":5}},"loc":{"start":{"line":73,"column":34},"end":{"line":75,"column":5}},"line":73},"2":{"name":"(anonymous_2)","decl":{"start":{"line":77,"column":4},"end":{"line":77,"column":5}},"loc":{"start":{"line":77,"column":24},"end":{"line":79,"column":5}},"line":77},"3":{"name":"(anonymous_3)","decl":{"start":{"line":81,"column":4},"end":{"line":81,"column":5}},"loc":{"start":{"line":81,"column":30},"end":{"line":83,"column":5}},"line":81},"4":{"name":"(anonymous_4)","decl":{"start":{"line":85,"column":4},"end":{"line":85,"column":5}},"loc":{"start":{"line":85,"column":32},"end":{"line":87,"column":5}},"line":85},"5":{"name":"(anonymous_5)","decl":{"start":{"line":89,"column":4},"end":{"line":89,"column":5}},"loc":{"start":{"line":89,"column":32},"end":{"line":91,"column":5}},"line":89},"6":{"name":"(anonymous_6)","decl":{"start":{"line":93,"column":4},"end":{"line":93,"column":5}},"loc":{"start":{"line":93,"column":28},"end":{"line":95,"column":5}},"line":93},"7":{"name":"(anonymous_7)","decl":{"start":{"line":97,"column":4},"end":{"line":97,"column":5}},"loc":{"start":{"line":97,"column":26},"end":{"line":99,"column":5}},"line":97},"8":{"name":"(anonymous_8)","decl":{"start":{"line":101,"column":4},"end":{"line":101,"column":5}},"loc":{"start":{"line":101,"column":27},"end":{"line":103,"column":5}},"line":101},"9":{"name":"(anonymous_9)","decl":{"start":{"line":105,"column":4},"end":{"line":105,"column":5}},"loc":{"start":{"line":105,"column":29},"end":{"line":107,"column":5}},"line":105},"10":{"name":"(anonymous_10)","decl":{"start":{"line":109,"column":4},"end":{"line":109,"column":5}},"loc":{"start":{"line":109,"column":34},"end":{"line":111,"column":5}},"line":109},"11":{"name":"(anonymous_11)","decl":{"start":{"line":113,"column":4},"end":{"line":113,"column":5}},"loc":{"start":{"line":113,"column":39},"end":{"line":116,"column":5}},"line":113},"12":{"name":"(anonymous_12)","decl":{"start":{"line":118,"column":4},"end":{"line":118,"column":5}},"loc":{"start":{"line":118,"column":35},"end":{"line":121,"column":5}},"line":118},"13":{"name":"(anonymous_13)","decl":{"start":{"line":123,"column":4},"end":{"line":123,"column":5}},"loc":{"start":{"line":123,"column":34},"end":{"line":126,"column":5}},"line":123},"14":{"name":"(anonymous_14)","decl":{"start":{"line":128,"column":4},"end":{"line":128,"column":5}},"loc":{"start":{"line":128,"column":50},"end":{"line":134,"column":5}},"line":128},"15":{"name":"(anonymous_15)","decl":{"start":{"line":136,"column":4},"end":{"line":136,"column":5}},"loc":{"start":{"line":136,"column":49},"end":{"line":138,"column":5}},"line":136},"16":{"name":"(anonymous_16)","decl":{"start":{"line":140,"column":4},"end":{"line":140,"column":5}},"loc":{"start":{"line":140,"column":53},"end":{"line":142,"column":5}},"line":140},"17":{"name":"(anonymous_17)","decl":{"start":{"line":144,"column":4},"end":{"line":144,"column":5}},"loc":{"start":{"line":144,"column":35},"end":{"line":147,"column":5}},"line":144},"18":{"name":"(anonymous_18)","decl":{"start":{"line":149,"column":4},"end":{"line":149,"column":5}},"loc":{"start":{"line":149,"column":51},"end":{"line":151,"column":5}},"line":149},"19":{"name":"(anonymous_19)","decl":{"start":{"line":153,"column":4},"end":{"line":153,"column":5}},"loc":{"start":{"line":153,"column":56},"end":{"line":155,"column":5}},"line":153},"20":{"name":"(anonymous_20)","decl":{"start":{"line":157,"column":4},"end":{"line":157,"column":5}},"loc":{"start":{"line":157,"column":47},"end":{"line":164,"column":5}},"line":157},"21":{"name":"(anonymous_21)","decl":{"start":{"line":166,"column":4},"end":{"line":166,"column":5}},"loc":{"start":{"line":166,"column":30},"end":{"line":171,"column":5}},"line":166},"22":{"name":"(anonymous_22)","decl":{"start":{"line":173,"column":4},"end":{"line":173,"column":5}},"loc":{"start":{"line":173,"column":82},"end":{"line":183,"column":5}},"line":173},"23":{"name":"(anonymous_23)","decl":{"start":{"line":185,"column":4},"end":{"line":185,"column":5}},"loc":{"start":{"line":185,"column":87},"end":{"line":195,"column":5}},"line":185},"24":{"name":"(anonymous_24)","decl":{"start":{"line":197,"column":4},"end":{"line":197,"column":5}},"loc":{"start":{"line":197,"column":47},"end":{"line":204,"column":5}},"line":197},"25":{"name":"(anonymous_25)","decl":{"start":{"line":206,"column":4},"end":{"line":206,"column":5}},"loc":{"start":{"line":206,"column":50},"end":{"line":216,"column":5}},"line":206},"26":{"name":"(anonymous_26)","decl":{"start":{"line":218,"column":4},"end":{"line":218,"column":5}},"loc":{"start":{"line":218,"column":40},"end":{"line":223,"column":5}},"line":218}},"branchMap":{"0":{"loc":{"start":{"line":13,"column":8},"end":{"line":16,"column":9}},"type":"if","locations":[{"start":{"line":13,"column":8},"end":{"line":16,"column":9}},{"start":{},"end":{}}],"line":13},"1":{"loc":{"start":{"line":13,"column":12},"end":{"line":13,"column":30}},"type":"binary-expr","locations":[{"start":{"line":13,"column":12},"end":{"line":13,"column":17}},{"start":{"line":13,"column":21},"end":{"line":13,"column":30}}],"line":13},"2":{"loc":{"start":{"line":21,"column":31},"end":{"line":21,"column":42}},"type":"default-arg","locations":[{"start":{"line":21,"column":40},"end":{"line":21,"column":42}}],"line":21},"3":{"loc":{"start":{"line":32,"column":42},"end":{"line":32,"column":184}},"type":"cond-expr","locations":[{"start":{"line":32,"column":94},"end":{"line":32,"column":134}},{"start":{"line":32,"column":137},"end":{"line":32,"column":184}}],"line":32},"4":{"loc":{"start":{"line":32,"column":42},"end":{"line":32,"column":91}},"type":"binary-expr","locations":[{"start":{"line":32,"column":42},"end":{"line":32,"column":71}},{"start":{"line":32,"column":75},"end":{"line":32,"column":91}}],"line":32},"5":{"loc":{"start":{"line":39,"column":12},"end":{"line":41,"column":13}},"type":"if","locations":[{"start":{"line":39,"column":12},"end":{"line":41,"column":13}},{"start":{},"end":{}}],"line":39},"6":{"loc":{"start":{"line":44,"column":12},"end":{"line":53,"column":13}},"type":"if","locations":[{"start":{"line":44,"column":12},"end":{"line":53,"column":13}},{"start":{},"end":{}}],"line":44},"7":{"loc":{"start":{"line":48,"column":42},"end":{"line":48,"column":100}},"type":"binary-expr","locations":[{"start":{"line":48,"column":42},"end":{"line":48,"column":58}},{"start":{"line":48,"column":62},"end":{"line":48,"column":77}},{"start":{"line":48,"column":81},"end":{"line":48,"column":100}}],"line":48},"8":{"loc":{"start":{"line":61,"column":16},"end":{"line":63,"column":17}},"type":"if","locations":[{"start":{"line":61,"column":16},"end":{"line":63,"column":17}},{"start":{},"end":{}}],"line":61},"9":{"loc":{"start":{"line":114,"column":23},"end":{"line":114,"column":61}},"type":"cond-expr","locations":[{"start":{"line":114,"column":34},"end":{"line":114,"column":56}},{"start":{"line":114,"column":59},"end":{"line":114,"column":61}}],"line":114},"10":{"loc":{"start":{"line":119,"column":23},"end":{"line":119,"column":54}},"type":"cond-expr","locations":[{"start":{"line":119,"column":32},"end":{"line":119,"column":49}},{"start":{"line":119,"column":52},"end":{"line":119,"column":54}}],"line":119},"11":{"loc":{"start":{"line":124,"column":23},"end":{"line":124,"column":54}},"type":"cond-expr","locations":[{"start":{"line":124,"column":32},"end":{"line":124,"column":49}},{"start":{"line":124,"column":52},"end":{"line":124,"column":54}}],"line":124},"12":{"loc":{"start":{"line":130,"column":8},"end":{"line":130,"column":40}},"type":"if","locations":[{"start":{"line":130,"column":8},"end":{"line":130,"column":40}},{"start":{},"end":{}}],"line":130},"13":{"loc":{"start":{"line":131,"column":8},"end":{"line":131,"column":40}},"type":"if","locations":[{"start":{"line":131,"column":8},"end":{"line":131,"column":40}},{"start":{},"end":{}}],"line":131},"14":{"loc":{"start":{"line":132,"column":8},"end":{"line":132,"column":43}},"type":"if","locations":[{"start":{"line":132,"column":8},"end":{"line":132,"column":43}},{"start":{},"end":{}}],"line":132},"15":{"loc":{"start":{"line":145,"column":23},"end":{"line":145,"column":61}},"type":"cond-expr","locations":[{"start":{"line":145,"column":34},"end":{"line":145,"column":56}},{"start":{"line":145,"column":59},"end":{"line":145,"column":61}}],"line":145},"16":{"loc":{"start":{"line":158,"column":8},"end":{"line":160,"column":9}},"type":"if","locations":[{"start":{"line":158,"column":8},"end":{"line":160,"column":9}},{"start":{},"end":{}}],"line":158},"17":{"loc":{"start":{"line":162,"column":8},"end":{"line":162,"column":50}},"type":"if","locations":[{"start":{"line":162,"column":8},"end":{"line":162,"column":50}},{"start":{},"end":{}}],"line":162},"18":{"loc":{"start":{"line":167,"column":8},"end":{"line":169,"column":9}},"type":"if","locations":[{"start":{"line":167,"column":8},"end":{"line":169,"column":9}},{"start":{},"end":{}}],"line":167},"19":{"loc":{"start":{"line":174,"column":8},"end":{"line":176,"column":9}},"type":"if","locations":[{"start":{"line":174,"column":8},"end":{"line":176,"column":9}},{"start":{},"end":{}}],"line":174},"20":{"loc":{"start":{"line":174,"column":12},"end":{"line":174,"column":33}},"type":"binary-expr","locations":[{"start":{"line":174,"column":12},"end":{"line":174,"column":19}},{"start":{"line":174,"column":23},"end":{"line":174,"column":33}}],"line":174},"21":{"loc":{"start":{"line":178,"column":8},"end":{"line":178,"column":49}},"type":"if","locations":[{"start":{"line":178,"column":8},"end":{"line":178,"column":49}},{"start":{},"end":{}}],"line":178},"22":{"loc":{"start":{"line":179,"column":8},"end":{"line":179,"column":40}},"type":"if","locations":[{"start":{"line":179,"column":8},"end":{"line":179,"column":40}},{"start":{},"end":{}}],"line":179},"23":{"loc":{"start":{"line":180,"column":8},"end":{"line":180,"column":40}},"type":"if","locations":[{"start":{"line":180,"column":8},"end":{"line":180,"column":40}},{"start":{},"end":{}}],"line":180},"24":{"loc":{"start":{"line":181,"column":8},"end":{"line":181,"column":43}},"type":"if","locations":[{"start":{"line":181,"column":8},"end":{"line":181,"column":43}},{"start":{},"end":{}}],"line":181},"25":{"loc":{"start":{"line":186,"column":8},"end":{"line":188,"column":9}},"type":"if","locations":[{"start":{"line":186,"column":8},"end":{"line":188,"column":9}},{"start":{},"end":{}}],"line":186},"26":{"loc":{"start":{"line":186,"column":12},"end":{"line":186,"column":33}},"type":"binary-expr","locations":[{"start":{"line":186,"column":12},"end":{"line":186,"column":19}},{"start":{"line":186,"column":23},"end":{"line":186,"column":33}}],"line":186},"27":{"loc":{"start":{"line":190,"column":8},"end":{"line":190,"column":49}},"type":"if","locations":[{"start":{"line":190,"column":8},"end":{"line":190,"column":49}},{"start":{},"end":{}}],"line":190},"28":{"loc":{"start":{"line":191,"column":8},"end":{"line":191,"column":40}},"type":"if","locations":[{"start":{"line":191,"column":8},"end":{"line":191,"column":40}},{"start":{},"end":{}}],"line":191},"29":{"loc":{"start":{"line":192,"column":8},"end":{"line":192,"column":40}},"type":"if","locations":[{"start":{"line":192,"column":8},"end":{"line":192,"column":40}},{"start":{},"end":{}}],"line":192},"30":{"loc":{"start":{"line":193,"column":8},"end":{"line":193,"column":43}},"type":"if","locations":[{"start":{"line":193,"column":8},"end":{"line":193,"column":43}},{"start":{},"end":{}}],"line":193},"31":{"loc":{"start":{"line":198,"column":8},"end":{"line":200,"column":9}},"type":"if","locations":[{"start":{"line":198,"column":8},"end":{"line":200,"column":9}},{"start":{},"end":{}}],"line":198},"32":{"loc":{"start":{"line":202,"column":8},"end":{"line":202,"column":49}},"type":"if","locations":[{"start":{"line":202,"column":8},"end":{"line":202,"column":49}},{"start":{},"end":{}}],"line":202},"33":{"loc":{"start":{"line":207,"column":8},"end":{"line":209,"column":9}},"type":"if","locations":[{"start":{"line":207,"column":8},"end":{"line":209,"column":9}},{"start":{},"end":{}}],"line":207},"34":{"loc":{"start":{"line":207,"column":12},"end":{"line":207,"column":43}},"type":"binary-expr","locations":[{"start":{"line":207,"column":12},"end":{"line":207,"column":19}},{"start":{"line":207,"column":23},"end":{"line":207,"column":43}}],"line":207},"35":{"loc":{"start":{"line":210,"column":8},"end":{"line":212,"column":9}},"type":"if","locations":[{"start":{"line":210,"column":8},"end":{"line":212,"column":9}},{"start":{},"end":{}}],"line":210},"36":{"loc":{"start":{"line":210,"column":12},"end":{"line":210,"column":38}},"type":"binary-expr","locations":[{"start":{"line":210,"column":12},"end":{"line":210,"column":22}},{"start":{"line":210,"column":26},"end":{"line":210,"column":38}}],"line":210},"37":{"loc":{"start":{"line":214,"column":8},"end":{"line":214,"column":40}},"type":"if","locations":[{"start":{"line":214,"column":8},"end":{"line":214,"column":40}},{"start":{},"end":{}}],"line":214},"38":{"loc":{"start":{"line":219,"column":8},"end":{"line":221,"column":9}},"type":"if","locations":[{"start":{"line":219,"column":8},"end":{"line":221,"column":9}},{"start":{},"end":{}}],"line":219}},"s":{"0":2,"1":11,"2":11,"3":2,"4":2,"5":9,"6":9,"7":6,"8":6,"9":6,"10":6,"11":6,"12":6,"13":6,"14":1,"15":5,"16":1,"17":1,"18":1,"19":0,"20":1,"21":1,"22":4,"23":4,"24":4,"25":0,"26":0,"27":0,"28":2,"29":2,"30":1,"31":3,"32":0,"33":0,"34":0,"35":0,"36":0,"37":0,"38":0,"39":0,"40":0,"41":0,"42":0,"43":0,"44":0,"45":0,"46":0,"47":0,"48":0,"49":0,"50":0,"51":0,"52":0,"53":0,"54":0,"55":0,"56":0,"57":0,"58":0,"59":0,"60":1,"61":0,"62":1,"63":1,"64":1,"65":1,"66":1,"67":0,"68":1,"69":0,"70":0,"71":0,"72":0,"73":0,"74":0,"75":0,"76":0,"77":0,"78":0,"79":0,"80":0,"81":0,"82":0,"83":0,"84":0,"85":0,"86":0,"87":0,"88":0,"89":0,"90":0,"91":0,"92":0,"93":0,"94":0,"95":0,"96":0,"97":0,"98":0,"99":0,"100":0,"101":0,"102":0,"103":0,"104":0,"105":0,"106":0,"107":0,"108":0,"109":0},"f":{"0":11,"1":1,"2":3,"3":0,"4":0,"5":0,"6":0,"7":0,"8":0,"9":0,"10":0,"11":0,"12":0,"13":0,"14":0,"15":0,"16":0,"17":0,"18":0,"19":0,"20":1,"21":1,"22":0,"23":0,"24":0,"25":0,"26":0},"b":{"0":[2,9],"1":[11,10],"2":[4],"3":[0,6],"4":[6,6],"5":[1,5],"6":[1,4],"7":[0,0,0],"8":[0,0],"9":[0,0],"10":[0,0],"11":[0,0],"12":[0,0],"13":[0,0],"14":[0,0],"15":[0,0],"16":[0,1],"17":[1,0],"18":[0,1],"19":[0,0],"20":[0,0],"21":[0,0],"22":[0,0],"23":[0,0],"24":[0,0],"25":[0,0],"26":[0,0],"27":[0,0],"28":[0,0],"29":[0,0],"30":[0,0],"31":[0,0],"32":[0,0],"33":[0,0],"34":[0,0],"35":[0,0],"36":[0,0],"37":[0,0],"38":[0,0]},"_coverageSchema":"1a1c01bbd47fc00a2c39e90264f33305004495a9","hash":"56f0068e427ac49e610a0b3a7477aaccbe46a8e2"}
}
