TN:
SF:js/GameService.js
FN:7,(anonymous_0)
FN:13,(anonymous_1)
FN:24,(anonymous_2)
FN:61,(anonymous_3)
FN:74,(anonymous_4)
FN:81,(anonymous_5)
FN:90,(anonymous_6)
FN:148,(anonymous_7)
FNF:8
FNH:8
FNDA:5,(anonymous_0)
FNDA:7,(anonymous_1)
FNDA:3,(anonymous_2)
FNDA:2,(anonymous_3)
FNDA:1,(anonymous_4)
FNDA:1,(anonymous_5)
FNDA:1,(anonymous_6)
FNDA:1,(anonymous_7)
DA:2,1
DA:4,1
DA:8,5
DA:9,5
DA:14,7
DA:25,3
DA:26,3
DA:28,2
DA:29,0
DA:30,0
DA:34,2
DA:36,2
DA:37,1
DA:38,1
DA:41,1
DA:44,1
DA:46,1
DA:47,0
DA:48,0
DA:49,0
DA:56,1
DA:59,1
DA:60,1
DA:61,1
DA:63,2
DA:64,2
DA:65,2
DA:66,2
DA:72,1
DA:73,1
DA:74,1
DA:75,1
DA:79,1
DA:80,1
DA:81,1
DA:82,1
DA:86,1
DA:87,1
DA:88,1
DA:89,1
DA:90,1
DA:91,1
DA:96,1
DA:97,1
DA:98,1
DA:102,1
DA:103,1
DA:104,1
DA:108,1
DA:109,1
DA:110,1
DA:114,1
DA:115,1
DA:116,1
DA:119,1
DA:136,1
DA:137,1
DA:149,1
LF:58
LH:53
BRDA:8,0,0,0
BRDA:8,0,1,5
BRDA:8,1,0,5
BRDA:8,1,1,5
BRDA:28,2,0,0
BRDA:28,2,1,2
BRDA:28,3,0,2
BRDA:28,3,1,2
BRDA:28,3,2,2
BRDA:29,4,0,0
BRDA:29,4,1,0
BRDA:29,5,0,0
BRDA:29,5,1,0
BRDA:34,6,0,2
BRDA:34,6,1,0
BRDA:36,7,0,1
BRDA:36,7,1,1
BRDA:36,8,0,2
BRDA:36,8,1,1
BRDA:37,9,0,0
BRDA:37,9,1,1
BRDA:37,10,0,1
BRDA:37,10,1,1
BRDA:46,11,0,0
BRDA:46,11,1,1
BRDA:46,12,0,1
BRDA:46,12,1,1
BRDA:46,12,2,1
BRDA:47,13,0,0
BRDA:47,13,1,0
BRDA:60,14,0,1
BRDA:60,14,1,0
BRDA:60,15,0,1
BRDA:60,15,1,1
BRDA:63,16,0,1
BRDA:63,16,1,1
BRDA:63,17,0,2
BRDA:63,17,1,1
BRDA:64,18,0,1
BRDA:64,18,1,1
BRDA:64,19,0,2
BRDA:64,19,1,1
BRDA:65,20,0,0
BRDA:65,20,1,2
BRDA:65,21,0,2
BRDA:65,21,1,0
BRDA:66,22,0,0
BRDA:66,22,1,2
BRDA:66,23,0,2
BRDA:66,23,1,0
BRDA:73,24,0,1
BRDA:73,24,1,0
BRDA:73,25,0,1
BRDA:73,25,1,1
BRDA:74,26,0,1
BRDA:74,26,1,1
BRDA:75,27,0,1
BRDA:75,27,1,0
BRDA:80,28,0,1
BRDA:80,28,1,0
BRDA:80,29,0,1
BRDA:80,29,1,1
BRDA:82,30,0,1
BRDA:82,30,1,0
BRDA:87,31,0,1
BRDA:87,31,1,0
BRDA:87,32,0,1
BRDA:87,32,1,1
BRDA:87,32,2,1
BRDA:89,33,0,1
BRDA:89,33,1,0
BRDA:89,34,0,1
BRDA:89,34,1,1
BRDA:91,35,0,1
BRDA:91,35,1,0
BRDA:97,36,0,1
BRDA:97,36,1,0
BRDA:97,37,0,1
BRDA:97,37,1,1
BRDA:97,37,2,1
BRDA:103,38,0,1
BRDA:103,38,1,0
BRDA:103,39,0,1
BRDA:103,39,1,1
BRDA:109,40,0,1
BRDA:109,40,1,0
BRDA:109,41,0,1
BRDA:109,41,1,1
BRDA:115,42,0,1
BRDA:115,42,1,0
BRDA:115,43,0,1
BRDA:115,43,1,1
BRF:92
BRH:65
end_of_record
TN:
SF:js/screenscraperAPI.js
FN:12,(anonymous_0)
FN:73,(anonymous_1)
FN:77,(anonymous_2)
FN:81,(anonymous_3)
FN:85,(anonymous_4)
FN:89,(anonymous_5)
FN:93,(anonymous_6)
FN:97,(anonymous_7)
FN:101,(anonymous_8)
FN:105,(anonymous_9)
FN:109,(anonymous_10)
FN:113,(anonymous_11)
FN:118,(anonymous_12)
FN:123,(anonymous_13)
FN:128,(anonymous_14)
FN:136,(anonymous_15)
FN:140,(anonymous_16)
FN:144,(anonymous_17)
FN:149,(anonymous_18)
FN:153,(anonymous_19)
FN:157,(anonymous_20)
FN:166,(anonymous_21)
FN:173,(anonymous_22)
FN:185,(anonymous_23)
FN:197,(anonymous_24)
FN:206,(anonymous_25)
FN:218,(anonymous_26)
FNF:27
FNH:5
FNDA:11,(anonymous_0)
FNDA:1,(anonymous_1)
FNDA:3,(anonymous_2)
FNDA:0,(anonymous_3)
FNDA:0,(anonymous_4)
FNDA:0,(anonymous_5)
FNDA:0,(anonymous_6)
FNDA:0,(anonymous_7)
FNDA:0,(anonymous_8)
FNDA:0,(anonymous_9)
FNDA:0,(anonymous_10)
FNDA:0,(anonymous_11)
FNDA:0,(anonymous_12)
FNDA:0,(anonymous_13)
FNDA:0,(anonymous_14)
FNDA:0,(anonymous_15)
FNDA:0,(anonymous_16)
FNDA:0,(anonymous_17)
FNDA:0,(anonymous_18)
FNDA:0,(anonymous_19)
FNDA:1,(anonymous_20)
FNDA:1,(anonymous_21)
FNDA:0,(anonymous_22)
FNDA:0,(anonymous_23)
FNDA:0,(anonymous_24)
FNDA:0,(anonymous_25)
FNDA:0,(anonymous_26)
DA:7,2
DA:8,11
DA:13,11
DA:14,2
DA:15,2
DA:17,9
DA:18,9
DA:22,6
DA:29,6
DA:31,6
DA:32,6
DA:33,6
DA:36,6
DA:39,6
DA:40,1
DA:44,5
DA:45,1
DA:46,1
DA:47,1
DA:48,0
DA:50,1
DA:52,1
DA:56,4
DA:57,4
DA:58,4
DA:61,0
DA:62,0
DA:65,0
DA:68,2
DA:69,2
DA:74,1
DA:78,3
DA:82,0
DA:86,0
DA:90,0
DA:94,0
DA:98,0
DA:102,0
DA:106,0
DA:110,0
DA:114,0
DA:115,0
DA:119,0
DA:120,0
DA:124,0
DA:125,0
DA:129,0
DA:130,0
DA:131,0
DA:132,0
DA:133,0
DA:137,0
DA:141,0
DA:145,0
DA:146,0
DA:150,0
DA:154,0
DA:158,1
DA:159,0
DA:161,1
DA:162,1
DA:163,1
DA:167,1
DA:168,0
DA:170,1
DA:174,0
DA:175,0
DA:177,0
DA:178,0
DA:179,0
DA:180,0
DA:181,0
DA:182,0
DA:186,0
DA:187,0
DA:189,0
DA:190,0
DA:191,0
DA:192,0
DA:193,0
DA:194,0
DA:198,0
DA:199,0
DA:201,0
DA:202,0
DA:203,0
DA:207,0
DA:208,0
DA:210,0
DA:211,0
DA:213,0
DA:214,0
DA:215,0
DA:219,0
DA:220,0
DA:222,0
LF:96
LH:34
BRDA:13,0,0,2
BRDA:13,0,1,9
BRDA:13,1,0,11
BRDA:13,1,1,10
BRDA:21,2,0,4
BRDA:32,3,0,0
BRDA:32,3,1,6
BRDA:32,4,0,6
BRDA:32,4,1,6
BRDA:39,5,0,1
BRDA:39,5,1,5
BRDA:44,6,0,1
BRDA:44,6,1,4
BRDA:48,7,0,0
BRDA:48,7,1,0
BRDA:48,7,2,0
BRDA:61,8,0,0
BRDA:61,8,1,0
BRDA:114,9,0,0
BRDA:114,9,1,0
BRDA:119,10,0,0
BRDA:119,10,1,0
BRDA:124,11,0,0
BRDA:124,11,1,0
BRDA:130,12,0,0
BRDA:130,12,1,0
BRDA:131,13,0,0
BRDA:131,13,1,0
BRDA:132,14,0,0
BRDA:132,14,1,0
BRDA:145,15,0,0
BRDA:145,15,1,0
BRDA:158,16,0,0
BRDA:158,16,1,1
BRDA:162,17,0,1
BRDA:162,17,1,0
BRDA:167,18,0,0
BRDA:167,18,1,1
BRDA:174,19,0,0
BRDA:174,19,1,0
BRDA:174,20,0,0
BRDA:174,20,1,0
BRDA:178,21,0,0
BRDA:178,21,1,0
BRDA:179,22,0,0
BRDA:179,22,1,0
BRDA:180,23,0,0
BRDA:180,23,1,0
BRDA:181,24,0,0
BRDA:181,24,1,0
BRDA:186,25,0,0
BRDA:186,25,1,0
BRDA:186,26,0,0
BRDA:186,26,1,0
BRDA:190,27,0,0
BRDA:190,27,1,0
BRDA:191,28,0,0
BRDA:191,28,1,0
BRDA:192,29,0,0
BRDA:192,29,1,0
BRDA:193,30,0,0
BRDA:193,30,1,0
BRDA:198,31,0,0
BRDA:198,31,1,0
BRDA:202,32,0,0
BRDA:202,32,1,0
BRDA:207,33,0,0
BRDA:207,33,1,0
BRDA:207,34,0,0
BRDA:207,34,1,0
BRDA:210,35,0,0
BRDA:210,35,1,0
BRDA:210,36,0,0
BRDA:210,36,1,0
BRDA:214,37,0,0
BRDA:214,37,1,0
BRDA:219,38,0,0
BRDA:219,38,1,0
BRF:78
BRH:15
end_of_record
